2026-06-18 07:35:04,474 [INFO] DATABASE — [DB] Initializing database at data/bot.db
2026-06-18 07:35:04,474 [INFO] DATABASE — [DB] Creating/verifying database schema...
2026-06-18 07:35:04,475 [INFO] DATABASE — [DB] ✅ Database initialized successfully
2026-06-18 07:35:04,475 [INFO] GROWW — Authenticating via API Key + Secret flow...
2026-06-18 07:35:04,476 [DEBUG] urllib3.connectionpool — Starting new HTTPS connection (1): api.groww.in:443
2026-06-18 07:35:04,580 [DEBUG] urllib3.connectionpool — https://api.groww.in:443 "POST /v1/token/api/access HTTP/1.1" 200 None
2026-06-18 07:35:04,583 [DEBUG] urllib3.connectionpool — Starting new HTTPS connection (1): api.groww.in:443
2026-06-18 07:35:04,648 [DEBUG] urllib3.connectionpool — https://api.groww.in:443 "GET /v1/changelog HTTP/1.1" 200 24
2026-06-18 07:35:04,651 [INFO] GROWW — ✅ Groww API authenticated successfully
2026-06-18 07:35:04,651 [INFO] DATABASE — [DB] Fetching daily P&L for last 1 days...
2026-06-18 07:35:04,652 [INFO] DATABASE — [DB] ✅ Retrieved 0 daily P&L records
2026-06-18 07:35:04,653 [INFO] MAIN — 🚀 AI Options Bot starting...
2026-06-18 07:35:04,653 [INFO] TELEGRAM — [TELEGRAM] (No token configured) 🤖 Bot started and monitoring markets...
2026-06-18 07:35:04,655 [INFO] MAIN — ✅ Schedule configured
2026-06-18 07:35:04,657 [DEBUG] asyncio — Using selector: EpollSelector
2026-06-18 07:42:50,717 [INFO] MAIN — Shutdown signal received
2026-06-18 07:42:50,718 [INFO] ENGINE — 🔒 All positions closed
2026-06-18 13:14:33 [INFO] DATABASE — [DB] Initializing database at data/bot.db
2026-06-18 13:14:33 [INFO] DATABASE — [DB] Creating/verifying database schema...
2026-06-18 13:14:33 [INFO] DATABASE — [DB] ✅ Database initialized successfully
2026-06-18 13:14:33 [INFO] GROWW — Authenticating via API Key + Secret flow...
2026-06-18 13:14:33 [DEBUG] urllib3.connectionpool — Starting new HTTPS connection (1): api.groww.in:443
2026-06-18 13:14:33 [DEBUG] urllib3.connectionpool — https://api.groww.in:443 "POST /v1/token/api/access HTTP/1.1" 200 None
2026-06-18 13:14:33 [DEBUG] urllib3.connectionpool — Starting new HTTPS connection (1): api.groww.in:443
2026-06-18 13:14:33 [DEBUG] urllib3.connectionpool — https://api.groww.in:443 "GET /v1/changelog HTTP/1.1" 200 24
2026-06-18 13:14:33 [INFO] GROWW — ✅ Groww API authenticated successfully
2026-06-18 13:14:33 [INFO] DATABASE — [DB] Fetching daily P&L for last 1 days...
2026-06-18 13:14:33 [INFO] DATABASE — [DB] ✅ Retrieved 0 daily P&L records
2026-06-18 13:14:33 [INFO] MAIN — 🚀 AI Options Bot starting...
2026-06-18 13:14:33 [INFO] TELEGRAM — [TELEGRAM] (No token configured) 🤖 Bot started and monitoring markets...
2026-06-18 13:14:33 [INFO] MAIN — ✅ Schedule configured
2026-06-18 13:14:33 [DEBUG] asyncio — Using selector: EpollSelector
2026-06-18 13:15:00 [DEBUG] schedule — Running job Job(interval=1, unit=days, do=check_signals, args=(), kwargs={})
2026-06-18 13:15:00 [DEBUG] ENGINE — [SIGNAL_CHECK] Starting signal check cycle...
2026-06-18 13:15:00 [DEBUG] ENGINE — [SIGNAL_CHECK] Checking 2 instruments...
2026-06-18 13:15:00 [DEBUG] ENGINE — [SIGNAL_CHECK] Evaluating NSE_INDEX|Nifty 50...
2026-06-18 13:15:00 [DEBUG] ENGINE — [EVAL] Starting evaluation for NSE_INDEX|Nifty 50
2026-06-18 13:15:00 [DEBUG] ENGINE — [EVAL] Fetching 15-minute OHLCV data (3 days)...
2026-06-18 13:15:00 [DEBUG] urllib3.connectionpool — Starting new HTTPS connection (1): api.groww.in:443
2026-06-18 13:15:01 [DEBUG] urllib3.connectionpool — https://api.groww.in:443 "GET /v1/historical/candles?exchange=NSE&segment=CASH&groww_symbol=NSE-NIFTY&start_time=2026-06-15+09%3A15%3A00&end_time=2026-06-18+15%3A30%3A00&candle_interval=15minute HTTP/1.1" 403 None
2026-06-18 13:15:01 [INFO] GROWW — OHLCV error [NSE_INDEX|Nifty 50]: Access forbidden for this request.
2026-06-18 13:15:01 [DEBUG] ENGINE — [EVAL] Insufficient data: 0 candles (need 20+)
2026-06-18 13:15:01 [DEBUG] ENGINE — [SIGNAL_CHECK] Evaluating NSE_INDEX|Nifty Bank...
2026-06-18 13:15:01 [DEBUG] ENGINE — [EVAL] Starting evaluation for NSE_INDEX|Nifty Bank
2026-06-18 13:15:01 [DEBUG] ENGINE — [EVAL] Fetching 15-minute OHLCV data (3 days)...
2026-06-18 13:15:01 [DEBUG] urllib3.connectionpool — Starting new HTTPS connection (1): api.groww.in:443
2026-06-18 13:15:01 [DEBUG] urllib3.connectionpool — https://api.groww.in:443 "GET /v1/historical/candles?exchange=NSE&segment=CASH&groww_symbol=NSE-BANKNIFTY&start_time=2026-06-15+09%3A15%3A00&end_time=2026-06-18+15%3A30%3A00&candle_interval=15minute HTTP/1.1" 403 None
2026-06-18 13:15:01 [INFO] GROWW — OHLCV error [NSE_INDEX|Nifty Bank]: Access forbidden for this request.
2026-06-18 13:15:01 [DEBUG] ENGINE — [EVAL] Insufficient data: 0 candles (need 20+)
2026-06-18 13:20:00 [DEBUG] schedule — Running job Job(interval=1, unit=days, do=check_signals, args=(), kwargs={})
2026-06-18 13:20:00 [DEBUG] ENGINE — [SIGNAL_CHECK] Starting signal check cycle...
2026-06-18 13:20:00 [DEBUG] ENGINE — [SIGNAL_CHECK] Checking 2 instruments...
2026-06-18 13:20:00 [DEBUG] ENGINE — [SIGNAL_CHECK] Evaluating NSE_INDEX|Nifty 50...
2026-06-18 13:20:00 [DEBUG] ENGINE — [EVAL] Starting evaluation for NSE_INDEX|Nifty 50
2026-06-18 13:20:00 [DEBUG] ENGINE — [EVAL] Fetching 15-minute OHLCV data (3 days)...
2026-06-18 13:20:00 [DEBUG] urllib3.connectionpool — Starting new HTTPS connection (1): api.groww.in:443
2026-06-18 13:20:00 [DEBUG] urllib3.connectionpool — https://api.groww.in:443 "GET /v1/historical/candles?exchange=NSE&segment=CASH&groww_symbol=NSE-NIFTY&start_time=2026-06-15+09%3A15%3A00&end_time=2026-06-18+15%3A30%3A00&candle_interval=15minute HTTP/1.1" 403 None
2026-06-18 13:20:00 [INFO] GROWW — OHLCV error [NSE_INDEX|Nifty 50]: Access forbidden for this request.
2026-06-18 13:20:00 [DEBUG] ENGINE — [EVAL] Insufficient data: 0 candles (need 20+)
2026-06-18 13:20:00 [DEBUG] ENGINE — [SIGNAL_CHECK] Evaluating NSE_INDEX|Nifty Bank...
2026-06-18 13:20:00 [DEBUG] ENGINE — [EVAL] Starting evaluation for NSE_INDEX|Nifty Bank
2026-06-18 13:20:00 [DEBUG] ENGINE — [EVAL] Fetching 15-minute OHLCV data (3 days)...
2026-06-18 13:20:00 [DEBUG] urllib3.connectionpool — Starting new HTTPS connection (1): api.groww.in:443
2026-06-18 13:20:00 [DEBUG] urllib3.connectionpool — https://api.groww.in:443 "GET /v1/historical/candles?exchange=NSE&segment=CASH&groww_symbol=NSE-BANKNIFTY&start_time=2026-06-15+09%3A15%3A00&end_time=2026-06-18+15%3A30%3A00&candle_interval=15minute HTTP/1.1" 403 None
2026-06-18 13:20:00 [INFO] GROWW — OHLCV error [NSE_INDEX|Nifty Bank]: Access forbidden for this request.
2026-06-18 13:20:00 [DEBUG] ENGINE — [EVAL] Insufficient data: 0 candles (need 20+)
2026-06-18 13:20:11 [INFO] MAIN — Shutdown signal received
2026-06-18 13:20:11 [INFO] ENGINE — 🔒 All positions closed
